<?xml version="1.0" encoding="UTF-8"?>
<!-- Generated by org.testng.reporters.JUnitReportReporter -->
<testsuite hostname="DESKTOP-A62F7V7" name="com.gmail.update.UpadtedGmail" tests="1" failures="0" timestamp="4 Apr 2018 06:19:31 GMT" time="34.493" errors="0">
  <testcase name="run" time="34.493" classname="com.gmail.update.UpadtedGmail"/>
</testsuite> <!-- com.gmail.update.UpadtedGmail -->
