<?xml version="1.0" encoding="UTF-8"?>
<!-- Generated by org.testng.reporters.JUnitReportReporter -->
<testsuite hostname="DESKTOP-A62F7V7" name="com.gmail.update.UpadtedGmail" tests="1" failures="0" timestamp="3 Apr 2018 09:21:41 GMT" time="6.613" errors="0">
  <testcase name="run" time="6.613" classname="com.gmail.update.UpadtedGmail"/>
</testsuite> <!-- com.gmail.update.UpadtedGmail -->
